----- 2026-02-21 16:51:40 heartbeat start -----
sending...
[plugins] feishu_doc: Registered feishu_app_scopes
[info]: [ 'client ready' ]
✅ Sent via Feishu. Message ID: om_x100b56a36ccad0a4c35b813d3fd899e (chat ou_7aa2f86c590a59fe4888212fd0320d5a)
sent ok
----- 2026-02-21 16:55:01 heartbeat start -----
sending...
/home/n150/openclaw_workspace/localFile_cloudSync_Server/progress_heartbeat.sh: 行 35: openclaw: 未找到命令
----- 2026-02-21 17:00:01 heartbeat start -----
sending...
/home/n150/openclaw_workspace/localFile_cloudSync_Server/progress_heartbeat.sh: 行 35: openclaw: 未找到命令
----- 2026-02-21 17:05:01 heartbeat start -----
sending...
/home/n150/openclaw_workspace/localFile_cloudSync_Server/progress_heartbeat.sh: 行 35: openclaw: 未找到命令
----- 2026-02-21 17:10:01 heartbeat start -----
sending...
/home/n150/openclaw_workspace/localFile_cloudSync_Server/progress_heartbeat.sh: 行 35: openclaw: 未找到命令
----- 2026-02-21 17:15:01 heartbeat start -----
sending...
/home/n150/openclaw_workspace/localFile_cloudSync_Server/progress_heartbeat.sh: 行 35: openclaw: 未找到命令
----- 2026-02-21 17:20:01 heartbeat start -----
sending...
/home/n150/openclaw_workspace/localFile_cloudSync_Server/progress_heartbeat.sh: 行 35: openclaw: 未找到命令
----- 2026-02-21 17:20:56 heartbeat start -----
sending via /home/n150/.npm-global/bin/openclaw
[plugins] feishu_doc: Registered feishu_app_scopes
[info]: [ 'client ready' ]
✅ Sent via Feishu. Message ID: om_x100b56a3c102fca0c2c888aa0c46e1c (chat ou_7aa2f86c590a59fe4888212fd0320d5a)
sent ok
----- 2026-02-21 17:25:01 heartbeat start -----
sending via /home/n150/.npm-global/bin/openclaw
[plugins] feishu_doc: Registered feishu_app_scopes
[info]: [ 'client ready' ]
✅ Sent via Feishu. Message ID: om_x100b56a3d1d310a0c14b41d7c46e9d2 (chat ou_7aa2f86c590a59fe4888212fd0320d5a)
sent ok
----- 2026-02-21 17:30:01 heartbeat start -----
sending via /home/n150/.npm-global/bin/openclaw
[plugins] feishu_doc: Registered feishu_app_scopes
[info]: [ 'client ready' ]
✅ Sent via Feishu. Message ID: om_x100b56a3ff1b4ca8c14f909a488d012 (chat ou_7aa2f86c590a59fe4888212fd0320d5a)
sent ok
----- 2026-02-21 17:35:01 heartbeat start -----
sending via /home/n150/.npm-global/bin/openclaw
[plugins] feishu_doc: Registered feishu_app_scopes
[info]: [ 'client ready' ]
✅ Sent via Feishu. Message ID: om_x100b56a38a5050a0c2af3abfe1e6f3b (chat ou_7aa2f86c590a59fe4888212fd0320d5a)
sent ok
----- 2026-02-21 17:36:58 manual progress update -----
Updated progress.json: phase=M1 run-once integration; cron changed to */2
----- 2026-02-21 17:38:01 heartbeat start -----
sending via /home/n150/.npm-global/bin/openclaw
[plugins] feishu_doc: Registered feishu_app_scopes
[info]: [ 'client ready' ]
✅ Sent via Feishu. Message ID: om_x100b56a3811fb4a0c4deffc002d547f (chat ou_7aa2f86c590a59fe4888212fd0320d5a)
sent ok
----- 2026-02-21 17:40:01 heartbeat start -----
sending via /home/n150/.npm-global/bin/openclaw
[plugins] feishu_doc: Registered feishu_app_scopes
[info]: [ 'client ready' ]
✅ Sent via Feishu. Message ID: om_x100b56a39996e4a0c292b79ebe74c96 (chat ou_7aa2f86c590a59fe4888212fd0320d5a)
sent ok
----- 2026-02-21 17:42:01 heartbeat start -----
sending via /home/n150/.npm-global/bin/openclaw
[plugins] feishu_doc: Registered feishu_app_scopes
[info]: [ 'client ready' ]
✅ Sent via Feishu. Message ID: om_x100b56a3901dc0a0c3655516502da21 (chat ou_7aa2f86c590a59fe4888212fd0320d5a)
sent ok
----- 2026-02-21 17:43:16 heartbeat start -----
sending via /home/n150/.npm-global/bin/openclaw
[plugins] feishu_doc: Registered feishu_app_scopes
[info]: [ 'client ready' ]
✅ Sent via Feishu. Message ID: om_x100b56a3ad4354a0c35b4f0dc8f8a5f (chat ou_7aa2f86c590a59fe4888212fd0320d5a)
sent ok
----- 2026-02-21 17:44:01 heartbeat start -----
sending via /home/n150/.npm-global/bin/openclaw
[plugins] feishu_doc: Registered feishu_app_scopes
[info]: [ 'client ready' ]
✅ Sent via Feishu. Message ID: om_x100b56a3a89838a0c2c177ad249e5be (chat ou_7aa2f86c590a59fe4888212fd0320d5a)
sent ok
----- 2026-02-21 17:46:01 heartbeat start -----
sending via /home/n150/.npm-global/bin/openclaw
[plugins] feishu_doc: Registered feishu_app_scopes
[info]: [ 'client ready' ]
✅ Sent via Feishu. Message ID: om_x100b56a3a31084a0c4e688662441776 (chat ou_7aa2f86c590a59fe4888212fd0320d5a)
sent ok
----- 2026-02-21 17:48:01 heartbeat start -----
sending via /home/n150/.npm-global/bin/openclaw
[plugins] feishu_doc: Registered feishu_app_scopes
[info]: [ 'client ready' ]
✅ Sent via Feishu. Message ID: om_x100b56a3bb9c48a0c3b5e9701977c36 (chat ou_7aa2f86c590a59fe4888212fd0320d5a)
sent ok
----- 2026-02-21 17:48:44 heartbeat start -----
sending via /home/n150/.npm-global/bin/openclaw
[plugins] feishu_doc: Registered feishu_app_scopes
[info]: [ 'client ready' ]
✅ Sent via Feishu. Message ID: om_x100b56a3b6c778f8c14e4d1001f3b1b (chat ou_7aa2f86c590a59fe4888212fd0320d5a)
sent ok
----- 2026-02-21 17:50:01 heartbeat start -----
sending via /home/n150/.npm-global/bin/openclaw
[plugins] feishu_doc: Registered feishu_app_scopes
[info]: [ 'client ready' ]
✅ Sent via Feishu. Message ID: om_x100b56a3b21574a4c32a93ae693b820 (chat ou_7aa2f86c590a59fe4888212fd0320d5a)
sent ok
----- 2026-02-21 17:52:01 heartbeat start -----
sending via /home/n150/.npm-global/bin/openclaw
[plugins] feishu_doc: Registered feishu_app_scopes
[info]: [ 'client ready' ]
✅ Sent via Feishu. Message ID: om_x100b56ac4a936ca0c2e9505dc8890aa (chat ou_7aa2f86c590a59fe4888212fd0320d5a)
sent ok
----- 2026-02-21 17:54:01 heartbeat start -----
sending via /home/n150/.npm-global/bin/openclaw
[plugins] feishu_doc: Registered feishu_app_scopes
[info]: [ 'client ready' ]
✅ Sent via Feishu. Message ID: om_x100b56ac45187ca0c4f843eab090816 (chat ou_7aa2f86c590a59fe4888212fd0320d5a)
sent ok
----- 2026-02-21 17:55:19 heartbeat start -----
sending via /home/n150/.npm-global/bin/openclaw
[plugins] feishu_doc: Registered feishu_app_scopes
[info]: [ 'client ready' ]
✅ Sent via Feishu. Message ID: om_x100b56ac5e7ca0acc25e2829c735457 (chat ou_7aa2f86c590a59fe4888212fd0320d5a)
sent ok
----- 2026-02-21 17:56:01 heartbeat start -----
sending via /home/n150/.npm-global/bin/openclaw
[plugins] feishu_doc: Registered feishu_app_scopes
[info]: [ 'client ready' ]
✅ Sent via Feishu. Message ID: om_x100b56ac5d9190a0c4a8c440d5b4bed (chat ou_7aa2f86c590a59fe4888212fd0320d5a)
sent ok
----- 2026-02-21 17:58:01 heartbeat start -----
sending via /home/n150/.npm-global/bin/openclaw
[plugins] feishu_doc: Registered feishu_app_scopes
[info]: [ 'client ready' ]
✅ Sent via Feishu. Message ID: om_x100b56ac541980a0c34225291cc9f6b (chat ou_7aa2f86c590a59fe4888212fd0320d5a)
sent ok
----- 2026-02-21 18:00:01 heartbeat start -----
sending via /home/n150/.npm-global/bin/openclaw
[plugins] feishu_doc: Registered feishu_app_scopes
[info]: [ 'client ready' ]
✅ Sent via Feishu. Message ID: om_x100b56ac6c96d0a4c1443bf2be4b90e (chat ou_7aa2f86c590a59fe4888212fd0320d5a)
sent ok
----- 2026-02-21 18:01:18 heartbeat start -----
sending via /home/n150/.npm-global/bin/openclaw
[plugins] feishu_doc: Registered feishu_app_scopes
[info]: [ 'client ready' ]
✅ Sent via Feishu. Message ID: om_x100b56ac69fe24a8c2604a977fc09a4 (chat ou_7aa2f86c590a59fe4888212fd0320d5a)
sent ok
----- 2026-02-21 18:02:01 heartbeat start -----
sending via /home/n150/.npm-global/bin/openclaw
[plugins] feishu_doc: Registered feishu_app_scopes
[info]: [ 'client ready' ]
✅ Sent via Feishu. Message ID: om_x100b56ac671b84a0c3d9362bc0e19ab (chat ou_7aa2f86c590a59fe4888212fd0320d5a)
sent ok
----- 2026-02-21 18:15:01 heartbeat start -----
sending via /home/n150/.npm-global/bin/openclaw
[plugins] feishu_doc: Registered feishu_app_scopes
[info]: [ 'client ready' ]
✅ Sent via Feishu. Message ID: om_x100b56ac145608a0c4d5106f56921d7 (chat ou_7aa2f86c590a59fe4888212fd0320d5a)
sent ok
----- 2026-02-21 18:26:03 heartbeat start -----
sending via /home/n150/.npm-global/bin/openclaw
[plugins] feishu_doc: Registered feishu_app_scopes
[info]: [ 'client ready' ]
✅ Sent via Feishu. Message ID: om_x100b56accd3436e4c45831b9126855b (chat ou_7aa2f86c590a59fe4888212fd0320d5a)
sent ok
----- 2026-02-21 18:30:01 heartbeat start -----
sending via /home/n150/.npm-global/bin/openclaw
[plugins] feishu_doc: Registered feishu_app_scopes
[info]: [ 'client ready' ]
✅ Sent via Feishu. Message ID: om_x100b56acdc1e04a0c2e20cede51c1c0 (chat ou_7aa2f86c590a59fe4888212fd0320d5a)
sent ok
----- 2026-02-21 18:45:01 heartbeat start -----
sending via /home/n150/.npm-global/bin/openclaw
[plugins] feishu_doc: Registered feishu_app_scopes
[info]: [ 'client ready' ]
✅ Sent via Feishu. Message ID: om_x100b56ac85d7d8a8c2a0dfe601ba949 (chat ou_7aa2f86c590a59fe4888212fd0320d5a)
sent ok
----- 2026-02-21 19:00:01 heartbeat start -----
sending via /home/n150/.npm-global/bin/openclaw
[plugins] feishu_doc: Registered feishu_app_scopes
[info]: [ 'client ready' ]
✅ Sent via Feishu. Message ID: om_x100b56ad4d987ca8c39d72796a13510 (chat ou_7aa2f86c590a59fe4888212fd0320d5a)
sent ok
