2026-02-21 12:04:19,148 [ERROR] [sync] run_failed {"run_id": 1, "local_root": "/home/n150/openclaw_workspace/search_docs", "remote_root_token": "", "local_total": 0, "remote_total": 0, "uploaded": 0, "downloaded": 0, "renamed": 0, "conflicts": 0, "remote_soft_deleted": 0, "local_soft_deleted": 0, "retry_success": 0, "retry_failed": 0, "errors": 1, "fatal_error": "no_token"}
2026-02-21 12:06:18,642 [INFO] [sync] run_success {"run_id": 2, "local_root": "/home/n150/openclaw_workspace/search_docs", "remote_root_token": "nodcnOdnyA0RGsq6YBA1LKFlkkb", "local_total": 9, "remote_total": 1, "uploaded": 0, "downloaded": 0, "renamed": 0, "conflicts": 0, "remote_soft_deleted": 0, "local_soft_deleted": 0, "retry_success": 0, "retry_failed": 0, "errors": 10}
2026-02-21 12:21:02,452 [ERROR] [retry] retry_failed {"id": 10, "error": "download_failed_status_404"}
2026-02-21 12:21:06,748 [INFO] [sync] run_success {"run_id": 3, "local_root": "/home/n150/openclaw_workspace/search_docs", "remote_root_token": "nodcnOdnyA0RGsq6YBA1LKFlkkb", "local_total": 9, "remote_total": 13, "uploaded": 0, "downloaded": 2, "renamed": 0, "conflicts": 9, "remote_soft_deleted": 0, "local_soft_deleted": 9, "retry_success": 9, "retry_failed": 1, "errors": 1}
2026-02-21 12:23:24,434 [ERROR] [retry] retry_failed {"id": 10, "error": "download_failed_status_404"}
2026-02-21 12:23:24,694 [ERROR] [retry] retry_failed {"id": 11, "error": "download_failed_status_404"}
2026-02-21 12:23:24,893 [WARNING] [sync] remote_rename_failed Extra data: line 1 column 5 (char 4)
2026-02-21 12:23:24,901 [INFO] [sync] local_rename_detected {"old": "docs.db", "new": "docs.db.remote_conflict_20260221_122102"}
2026-02-21 12:23:25,028 [WARNING] [sync] remote_rename_failed Extra data: line 1 column 5 (char 4)
2026-02-21 12:23:25,037 [INFO] [sync] local_rename_detected {"old": "processed/2026中国半导体AI落地情况_搜索报告.md", "new": "processed/2026中国半导体AI落地情况_搜索报告.md.remote_conflict_20260221_122102"}
2026-02-21 12:23:25,145 [WARNING] [sync] remote_rename_failed Extra data: line 1 column 5 (char 4)
2026-02-21 12:23:25,153 [INFO] [sync] local_rename_detected {"old": "processed/20250221/全球半导体行业发展趋势报告.md", "new": "processed/20250221/全球半导体行业发展趋势报告.md.remote_conflict_20260221_122103"}
2026-02-21 12:23:25,264 [WARNING] [sync] remote_rename_failed Extra data: line 1 column 5 (char 4)
2026-02-21 12:23:25,280 [INFO] [sync] local_rename_detected {"old": "processed/20250221/AI_Agent发展趋势报告.md", "new": "processed/20250221/AI_Agent发展趋势报告.md.remote_conflict_20260221_122103"}
2026-02-21 12:23:25,393 [WARNING] [sync] remote_rename_failed Extra data: line 1 column 5 (char 4)
2026-02-21 12:23:25,399 [INFO] [sync] local_rename_detected {"old": "raw/20250221/36氪快讯_AI与半导体.md", "new": "raw/20250221/36氪快讯_AI与半导体.md.remote_conflict_20260221_122104"}
2026-02-21 12:23:25,577 [WARNING] [sync] remote_rename_failed Extra data: line 1 column 5 (char 4)
2026-02-21 12:23:25,585 [INFO] [sync] local_rename_detected {"old": "raw/20250221/AI_Agent架构综述_arXiv.md", "new": "raw/20250221/AI_Agent架构综述_arXiv.md.remote_conflict_20260221_122104"}
2026-02-21 12:23:25,788 [WARNING] [sync] remote_rename_failed Extra data: line 1 column 5 (char 4)
2026-02-21 12:23:25,795 [INFO] [sync] local_rename_detected {"old": "raw/20250221/AI_Agent技术概览_IBM.md", "new": "raw/20250221/AI_Agent技术概览_IBM.md.remote_conflict_20260221_122104"}
2026-02-21 12:23:25,959 [WARNING] [sync] remote_rename_failed Extra data: line 1 column 5 (char 4)
2026-02-21 12:23:25,967 [INFO] [sync] local_rename_detected {"old": "raw/20250221/全球半导体年度报告_SIA.md", "new": "raw/20250221/全球半导体年度报告_SIA.md.remote_conflict_20260221_122105"}
2026-02-21 12:23:26,086 [WARNING] [sync] remote_rename_failed Extra data: line 1 column 5 (char 4)
2026-02-21 12:23:26,097 [INFO] [sync] local_rename_detected {"old": "tools/db_utils.sh", "new": "tools/db_utils.sh.remote_conflict_20260221_122105"}
2026-02-21 12:23:30,130 [INFO] [sync] run_success {"run_id": 4, "local_root": "/home/n150/openclaw_workspace/search_docs", "remote_root_token": "nodcnOdnyA0RGsq6YBA1LKFlkkb", "local_total": 11, "remote_total": 22, "uploaded": 0, "downloaded": 10, "renamed": 9, "conflicts": 0, "remote_soft_deleted": 0, "local_soft_deleted": 0, "retry_success": 0, "retry_failed": 2, "errors": 1}
2026-02-21 12:27:23,089 [ERROR] [retry] retry_failed {"id": 10, "error": "download_failed_status_404"}
2026-02-21 12:27:23,410 [ERROR] [retry] retry_failed {"id": 11, "error": "download_failed_status_404"}
2026-02-21 12:27:23,749 [ERROR] [retry] retry_failed {"id": 12, "error": "download_failed_status_404"}
2026-02-21 12:27:23,974 [INFO] [sync] run_success {"run_id": 5, "local_root": "/home/n150/openclaw_workspace/search_docs", "remote_root_token": "nodcnOdnyA0RGsq6YBA1LKFlkkb", "local_total": 20, "remote_total": 22, "uploaded": 0, "downloaded": 0, "renamed": 0, "conflicts": 0, "remote_soft_deleted": 0, "local_soft_deleted": 0, "retry_success": 0, "retry_failed": 3, "errors": 1}
2026-02-21 12:29:22,776 [WARNING] [sync] remote_rename_failed Extra data: line 1 column 5 (char 4)
2026-02-21 12:29:22,789 [INFO] [sync] local_rename_detected {"old": "docs.db.remote_conflict_20260221_122102", "new": ".sync_quarantine/docs.db.remote_conflict_20260221_122102"}
2026-02-21 12:29:22,922 [WARNING] [sync] remote_rename_failed Extra data: line 1 column 5 (char 4)
2026-02-21 12:29:22,934 [INFO] [sync] local_rename_detected {"old": "processed/2026中国半导体AI落地情况_搜索报告.md.remote_conflict_20260221_122102", "new": ".sync_quarantine/restored_collision__processed__2026中国半导体AI落地情况_搜索报告.md"}
2026-02-21 12:29:23,068 [WARNING] [sync] remote_rename_failed Extra data: line 1 column 5 (char 4)
2026-02-21 12:29:23,079 [INFO] [sync] local_rename_detected {"old": "processed/20250221/全球半导体行业发展趋势报告.md.remote_conflict_20260221_122103", "new": ".sync_quarantine/restored_collision__processed__20250221__全球半导体行业发展趋势报告.md"}
2026-02-21 12:29:23,237 [WARNING] [sync] remote_rename_failed Extra data: line 1 column 5 (char 4)
2026-02-21 12:29:23,248 [INFO] [sync] local_rename_detected {"old": "processed/20250221/AI_Agent发展趋势报告.md.remote_conflict_20260221_122103", "new": ".sync_quarantine/restored_collision__processed__20250221__AI_Agent发展趋势报告.md"}
2026-02-21 12:29:23,463 [WARNING] [sync] remote_rename_failed Extra data: line 1 column 5 (char 4)
2026-02-21 12:29:23,474 [INFO] [sync] local_rename_detected {"old": "raw/20250221/36氪快讯_AI与半导体.md.remote_conflict_20260221_122104", "new": ".sync_quarantine/restored_collision__raw__20250221__36氪快讯_AI与半导体.md"}
2026-02-21 12:29:23,611 [WARNING] [sync] remote_rename_failed Extra data: line 1 column 5 (char 4)
2026-02-21 12:29:23,621 [INFO] [sync] local_rename_detected {"old": "raw/20250221/AI_Agent架构综述_arXiv.md.remote_conflict_20260221_122104", "new": ".sync_quarantine/restored_collision__raw__20250221__AI_Agent架构综述_arXiv.md"}
2026-02-21 12:29:23,741 [WARNING] [sync] remote_rename_failed Extra data: line 1 column 5 (char 4)
2026-02-21 12:29:23,752 [INFO] [sync] local_rename_detected {"old": "raw/20250221/AI_Agent技术概览_IBM.md.remote_conflict_20260221_122104", "new": ".sync_quarantine/restored_collision__raw__20250221__AI_Agent技术概览_IBM.md"}
2026-02-21 12:29:23,943 [WARNING] [sync] remote_rename_failed Extra data: line 1 column 5 (char 4)
2026-02-21 12:29:23,952 [INFO] [sync] local_rename_detected {"old": "raw/20250221/全球半导体年度报告_SIA.md.remote_conflict_20260221_122105", "new": ".sync_quarantine/restored_collision__raw__20250221__全球半导体年度报告_SIA.md"}
2026-02-21 12:29:24,071 [WARNING] [sync] remote_rename_failed Extra data: line 1 column 5 (char 4)
2026-02-21 12:29:24,081 [INFO] [sync] local_rename_detected {"old": "tools/db_utils.sh.remote_conflict_20260221_122105", "new": ".sync_quarantine/restored_collision__tools__db_utils.sh"}
2026-02-21 12:29:41,757 [INFO] [sync] run_success {"run_id": 6, "local_root": "/home/n150/openclaw_workspace/search_docs", "remote_root_token": "nodcnOdnyA0RGsq6YBA1LKFlkkb", "local_total": 29, "remote_total": 22, "uploaded": 8, "downloaded": 0, "renamed": 9, "conflicts": 0, "remote_soft_deleted": 0, "local_soft_deleted": 0, "retry_success": 0, "retry_failed": 0, "errors": 2}
2026-02-21 12:30:44,087 [ERROR] [retry] retry_failed {"id": 15, "error": "download_failed_status_404"}
2026-02-21 12:30:47,200 [INFO] [sync] run_success {"run_id": 7, "local_root": "/home/n150/openclaw_workspace/search_docs", "remote_root_token": "nodcnOdnyA0RGsq6YBA1LKFlkkb", "local_total": 29, "remote_total": 30, "uploaded": 0, "downloaded": 8, "renamed": 0, "conflicts": 0, "remote_soft_deleted": 0, "local_soft_deleted": 1, "retry_success": 1, "retry_failed": 1, "errors": 2}
2026-02-21 12:31:51,244 [INFO] [sync] run_success {"run_id": 8, "local_root": "/home/n150/openclaw_workspace/search_docs", "remote_root_token": "nodcnOdnyA0RGsq6YBA1LKFlkkb", "local_total": 11, "remote_total": 31, "uploaded": 0, "downloaded": 9, "renamed": 0, "conflicts": 0, "remote_soft_deleted": 17, "local_soft_deleted": 0, "retry_success": 0, "retry_failed": 0, "errors": 1}
2026-02-21 12:32:24,350 [INFO] [sync] run_success {"run_id": 9, "local_root": "/home/n150/openclaw_workspace/search_docs", "remote_root_token": "nodcnOdnyA0RGsq6YBA1LKFlkkb", "local_total": 11, "remote_total": 14, "uploaded": 0, "downloaded": 1, "renamed": 0, "conflicts": 0, "remote_soft_deleted": 1, "local_soft_deleted": 0, "retry_success": 0, "retry_failed": 0, "errors": 1}
2026-02-21 12:33:22,739 [INFO] [sync] run_success {"run_id": 10, "local_root": "/home/n150/openclaw_workspace/search_docs", "remote_root_token": "nodcnOdnyA0RGsq6YBA1LKFlkkb", "local_total": 11, "remote_total": 13, "uploaded": 0, "downloaded": 0, "renamed": 0, "conflicts": 0, "remote_soft_deleted": 0, "local_soft_deleted": 0, "retry_success": 0, "retry_failed": 0, "errors": 1}
2026-02-21 12:34:16,166 [INFO] [sync] run_success {"run_id": 11, "local_root": "/home/n150/openclaw_workspace/search_docs", "remote_root_token": "nodcnOdnyA0RGsq6YBA1LKFlkkb", "local_total": 11, "remote_total": 13, "uploaded": 0, "downloaded": 0, "renamed": 0, "conflicts": 0, "remote_soft_deleted": 0, "local_soft_deleted": 0, "retry_success": 0, "retry_failed": 0, "errors": 1}
2026-02-21 12:35:02,452 [INFO] [sync] run_success {"run_id": 12, "local_root": "/home/n150/openclaw_workspace/search_docs", "remote_root_token": "nodcnOdnyA0RGsq6YBA1LKFlkkb", "local_total": 11, "remote_total": 13, "uploaded": 0, "downloaded": 0, "renamed": 0, "conflicts": 0, "remote_soft_deleted": 0, "local_soft_deleted": 0, "retry_success": 0, "retry_failed": 0, "errors": 1}
2026-02-21 12:35:41,371 [INFO] [sync] run_success {"run_id": 13, "local_root": "/home/n150/openclaw_workspace/search_docs", "remote_root_token": "nodcnOdnyA0RGsq6YBA1LKFlkkb", "local_total": 11, "remote_total": 13, "uploaded": 0, "downloaded": 0, "renamed": 0, "conflicts": 0, "remote_soft_deleted": 0, "local_soft_deleted": 0, "retry_success": 0, "retry_failed": 0, "errors": 1}
2026-02-21 12:36:14,507 [INFO] [sync] run_success {"run_id": 14, "local_root": "/home/n150/openclaw_workspace/search_docs", "remote_root_token": "nodcnOdnyA0RGsq6YBA1LKFlkkb", "local_total": 11, "remote_total": 13, "uploaded": 0, "downloaded": 0, "renamed": 0, "conflicts": 0, "remote_soft_deleted": 0, "local_soft_deleted": 0, "retry_success": 0, "retry_failed": 0, "errors": 0}
2026-02-21 12:36:38,125 [INFO] [daemon] daemon_started {"poll_interval_sec": 300}
2026-02-21 12:36:45,011 [INFO] [sync] run_success {"run_id": 15, "local_root": "/home/n150/openclaw_workspace/search_docs", "remote_root_token": "nodcnOdnyA0RGsq6YBA1LKFlkkb", "local_total": 11, "remote_total": 13, "uploaded": 0, "downloaded": 0, "renamed": 0, "conflicts": 0, "remote_soft_deleted": 0, "local_soft_deleted": 0, "retry_success": 0, "retry_failed": 0, "errors": 0}
2026-02-21 12:41:51,558 [INFO] [sync] run_success {"run_id": 16, "local_root": "/home/n150/openclaw_workspace/search_docs", "remote_root_token": "nodcnOdnyA0RGsq6YBA1LKFlkkb", "local_total": 11, "remote_total": 13, "uploaded": 0, "downloaded": 0, "renamed": 0, "conflicts": 0, "remote_soft_deleted": 0, "local_soft_deleted": 0, "retry_success": 0, "retry_failed": 0, "errors": 0}
2026-02-21 12:47:00,670 [INFO] [sync] run_success {"run_id": 17, "local_root": "/home/n150/openclaw_workspace/search_docs", "remote_root_token": "nodcnOdnyA0RGsq6YBA1LKFlkkb", "local_total": 10, "remote_total": 13, "uploaded": 1, "downloaded": 2, "renamed": 0, "conflicts": 0, "remote_soft_deleted": 1, "local_soft_deleted": 0, "retry_success": 0, "retry_failed": 0, "errors": 0}
2026-02-21 12:47:04,560 [INFO] [daemon] daemon_started {"poll_interval_sec": 300}
2026-02-21 12:47:11,197 [INFO] [sync] run_success {"run_id": 18, "local_root": "/home/n150/openclaw_workspace/search_docs", "remote_root_token": "nodcnOdnyA0RGsq6YBA1LKFlkkb", "local_total": 11, "remote_total": 12, "uploaded": 0, "downloaded": 1, "renamed": 0, "conflicts": 1, "remote_soft_deleted": 0, "local_soft_deleted": 1, "retry_success": 0, "retry_failed": 0, "errors": 0}
2026-02-21 12:52:18,576 [WARNING] [sync] remote_rename_failed Extra data: line 1 column 5 (char 4)
2026-02-21 12:52:18,586 [INFO] [sync] local_rename_detected {"old": "docs.db", "new": "docs.db.remote_conflict_20260221_124710"}
2026-02-21 12:52:18,852 [INFO] [sync] run_success {"run_id": 19, "local_root": "/home/n150/openclaw_workspace/search_docs", "remote_root_token": "nodcnOdnyA0RGsq6YBA1LKFlkkb", "local_total": 11, "remote_total": 12, "uploaded": 0, "downloaded": 0, "renamed": 1, "conflicts": 0, "remote_soft_deleted": 0, "local_soft_deleted": 0, "retry_success": 0, "retry_failed": 0, "errors": 1}
2026-02-21 12:57:25,137 [INFO] [sync] run_success {"run_id": 20, "local_root": "/home/n150/openclaw_workspace/search_docs", "remote_root_token": "nodcnOdnyA0RGsq6YBA1LKFlkkb", "local_total": 11, "remote_total": 11, "uploaded": 0, "downloaded": 0, "renamed": 0, "conflicts": 0, "remote_soft_deleted": 0, "local_soft_deleted": 1, "retry_success": 0, "retry_failed": 0, "errors": 1}
2026-02-21 13:02:27,220 [ERROR] [retry] retry_failed {"id": 23, "error": "retry_upload_local_missing:docs.db.remote_conflict_20260221_124710"}
2026-02-21 13:02:32,356 [INFO] [sync] run_success {"run_id": 21, "local_root": "/home/n150/openclaw_workspace/search_docs", "remote_root_token": "nodcnOdnyA0RGsq6YBA1LKFlkkb", "local_total": 10, "remote_total": 0, "uploaded": 0, "downloaded": 0, "renamed": 0, "conflicts": 0, "remote_soft_deleted": 0, "local_soft_deleted": 10, "retry_success": 0, "retry_failed": 1, "errors": 10}
2026-02-21 13:03:03,855 [ERROR] [retry] retry_failed {"id": 23, "error": "retry_upload_local_missing:docs.db.remote_conflict_20260221_124710"}
2026-02-21 13:03:03,866 [ERROR] [retry] retry_failed {"id": 24, "error": "retry_upload_local_missing:db_utils.sh"}
2026-02-21 13:03:03,874 [ERROR] [retry] retry_failed {"id": 25, "error": "retry_upload_local_missing:2026中国半导体AI落地情况_搜索报告.md"}
2026-02-21 13:03:03,881 [ERROR] [retry] retry_failed {"id": 26, "error": "retry_upload_local_missing:processed/2026中国半导体AI落地情况_搜索报告.md"}
2026-02-21 13:03:03,888 [ERROR] [retry] retry_failed {"id": 27, "error": "retry_upload_local_missing:processed/20250221/全球半导体行业发展趋势报告.md"}
2026-02-21 13:03:03,894 [ERROR] [retry] retry_failed {"id": 28, "error": "retry_upload_local_missing:processed/20250221/AI_Agent发展趋势报告.md"}
2026-02-21 13:03:03,900 [ERROR] [retry] retry_failed {"id": 29, "error": "retry_upload_local_missing:raw/20250221/36氪快讯_AI与半导体.md"}
2026-02-21 13:03:03,907 [ERROR] [retry] retry_failed {"id": 30, "error": "retry_upload_local_missing:raw/20250221/AI_Agent架构综述_arXiv.md"}
2026-02-21 13:03:03,914 [ERROR] [retry] retry_failed {"id": 31, "error": "retry_upload_local_missing:raw/20250221/AI_Agent技术概览_IBM.md"}
2026-02-21 13:03:03,921 [ERROR] [retry] retry_failed {"id": 32, "error": "retry_upload_local_missing:raw/20250221/全球半导体年度报告_SIA.md"}
2026-02-21 13:03:03,928 [ERROR] [retry] retry_failed {"id": 33, "error": "retry_upload_local_missing:tools/db_utils.sh"}
2026-02-21 13:03:03,935 [INFO] [sync] run_success {"run_id": 22, "local_root": "/home/n150/openclaw_workspace/search_docs", "remote_root_token": "nodcnOdnyA0RGsq6YBA1LKFlkkb", "local_total": 0, "remote_total": 0, "uploaded": 0, "downloaded": 0, "renamed": 0, "conflicts": 0, "remote_soft_deleted": 0, "local_soft_deleted": 0, "retry_success": 0, "retry_failed": 11, "errors": 0}
2026-02-21 13:07:37,138 [INFO] [sync] run_success {"run_id": 23, "local_root": "/home/n150/openclaw_workspace/search_docs", "remote_root_token": "nodcnOdnyA0RGsq6YBA1LKFlkkb", "local_total": 0, "remote_total": 0, "uploaded": 0, "downloaded": 0, "renamed": 0, "conflicts": 0, "remote_soft_deleted": 0, "local_soft_deleted": 0, "retry_success": 0, "retry_failed": 0, "errors": 0}
2026-02-21 13:12:41,461 [INFO] [sync] run_success {"run_id": 24, "local_root": "/home/n150/openclaw_workspace/search_docs", "remote_root_token": "nodcnOdnyA0RGsq6YBA1LKFlkkb", "local_total": 0, "remote_total": 0, "uploaded": 0, "downloaded": 0, "renamed": 0, "conflicts": 0, "remote_soft_deleted": 0, "local_soft_deleted": 0, "retry_success": 0, "retry_failed": 0, "errors": 0}
2026-02-21 13:17:44,705 [INFO] [sync] run_success {"run_id": 25, "local_root": "/home/n150/openclaw_workspace/search_docs", "remote_root_token": "nodcnOdnyA0RGsq6YBA1LKFlkkb", "local_total": 0, "remote_total": 0, "uploaded": 0, "downloaded": 0, "renamed": 0, "conflicts": 0, "remote_soft_deleted": 0, "local_soft_deleted": 0, "retry_success": 0, "retry_failed": 0, "errors": 0}
2026-02-21 13:22:48,691 [INFO] [sync] run_success {"run_id": 26, "local_root": "/home/n150/openclaw_workspace/search_docs", "remote_root_token": "nodcnOdnyA0RGsq6YBA1LKFlkkb", "local_total": 0, "remote_total": 0, "uploaded": 0, "downloaded": 0, "renamed": 0, "conflicts": 0, "remote_soft_deleted": 0, "local_soft_deleted": 0, "retry_success": 0, "retry_failed": 0, "errors": 0}
2026-02-21 13:27:52,414 [INFO] [sync] run_success {"run_id": 27, "local_root": "/home/n150/openclaw_workspace/search_docs", "remote_root_token": "nodcnOdnyA0RGsq6YBA1LKFlkkb", "local_total": 0, "remote_total": 0, "uploaded": 0, "downloaded": 0, "renamed": 0, "conflicts": 0, "remote_soft_deleted": 0, "local_soft_deleted": 0, "retry_success": 0, "retry_failed": 0, "errors": 0}
2026-02-21 13:30:00,487 [INFO] [sync] run_success {"run_id": 28, "local_root": "/home/n150/openclaw_workspace/search_docs", "remote_root_token": "nodcnOdnyA0RGsq6YBA1LKFlkkb", "local_total": 1, "remote_total": 0, "uploaded": 1, "downloaded": 0, "renamed": 0, "conflicts": 0, "remote_soft_deleted": 0, "local_soft_deleted": 0, "retry_success": 0, "retry_failed": 0, "errors": 0}
2026-02-21 13:31:36,354 [INFO] [sync] run_success {"run_id": 29, "local_root": "/home/n150/openclaw_workspace/search_docs", "remote_root_token": "nodcnOdnyA0RGsq6YBA1LKFlkkb", "local_total": 1, "remote_total": 1, "uploaded": 0, "downloaded": 1, "renamed": 0, "conflicts": 0, "remote_soft_deleted": 0, "local_soft_deleted": 0, "retry_success": 0, "retry_failed": 0, "errors": 0}
2026-02-21 13:32:04,714 [INFO] [daemon] daemon_started {"poll_interval_sec": 300}
2026-02-21 13:32:08,240 [INFO] [sync] run_success {"run_id": 30, "local_root": "/home/n150/openclaw_workspace/search_docs", "remote_root_token": "nodcnOdnyA0RGsq6YBA1LKFlkkb", "local_total": 1, "remote_total": 1, "uploaded": 0, "downloaded": 0, "renamed": 0, "conflicts": 0, "remote_soft_deleted": 0, "local_soft_deleted": 0, "retry_success": 0, "retry_failed": 0, "errors": 0}
2026-02-21 13:32:39,973 [INFO] [sync] run_success {"run_id": 31, "local_root": "/home/n150/openclaw_workspace/search_docs", "remote_root_token": "nodcnOdnyA0RGsq6YBA1LKFlkkb", "local_total": 1, "remote_total": 0, "uploaded": 1, "downloaded": 0, "renamed": 0, "conflicts": 0, "remote_soft_deleted": 0, "local_soft_deleted": 0, "retry_success": 0, "retry_failed": 0, "errors": 0}
2026-02-21 13:40:40,011 [WARNING] [index] index_generate_failed no such table: documents
2026-02-21 13:40:51,304 [INFO] [sync] run_success {"run_id": 32, "local_root": "/home/n150/openclaw_workspace/search_docs", "remote_root_token": "nodcnOdnyA0RGsq6YBA1LKFlkkb", "local_total": 5, "remote_total": 2, "uploaded": 4, "downloaded": 1, "renamed": 0, "conflicts": 0, "remote_soft_deleted": 0, "local_soft_deleted": 0, "retry_success": 0, "retry_failed": 0, "errors": 0}
2026-02-21 13:40:55,872 [INFO] [daemon] daemon_started {"poll_interval_sec": 300}
2026-02-21 13:40:55,905 [WARNING] [index] index_generate_failed no such table: documents
2026-02-21 13:41:01,372 [INFO] [sync] run_success {"run_id": 33, "local_root": "/home/n150/openclaw_workspace/search_docs", "remote_root_token": "nodcnOdnyA0RGsq6YBA1LKFlkkb", "local_total": 5, "remote_total": 6, "uploaded": 0, "downloaded": 4, "renamed": 0, "conflicts": 0, "remote_soft_deleted": 0, "local_soft_deleted": 0, "retry_success": 0, "retry_failed": 0, "errors": 0}
2026-02-21 13:43:24,923 [WARNING] [index] index_generate_failed no such table: documents
2026-02-21 13:43:29,594 [INFO] [sync] run_success {"run_id": 34, "local_root": "/home/n150/openclaw_workspace/search_docs", "remote_root_token": "nodcnOdnyA0RGsq6YBA1LKFlkkb", "local_total": 5, "remote_total": 6, "uploaded": 0, "downloaded": 0, "renamed": 0, "conflicts": 0, "remote_soft_deleted": 0, "local_soft_deleted": 0, "retry_success": 0, "retry_failed": 0, "errors": 0}
2026-02-21 13:45:19,126 [WARNING] [index] index_generate_failed no such table: documents
2026-02-21 13:45:45,651 [INFO] [sync] run_success {"run_id": 35, "local_root": "/home/n150/openclaw_workspace/search_docs", "remote_root_token": "nodcnOdnyA0RGsq6YBA1LKFlkkb", "local_total": 17, "remote_total": 6, "uploaded": 11, "downloaded": 0, "renamed": 0, "conflicts": 0, "remote_soft_deleted": 0, "local_soft_deleted": 0, "retry_success": 0, "retry_failed": 0, "errors": 1}
2026-02-21 13:46:27,701 [INFO] [sync] run_success {"run_id": 36, "local_root": "/home/n150/openclaw_workspace/search_docs", "remote_root_token": "nodcnOdnyA0RGsq6YBA1LKFlkkb", "local_total": 17, "remote_total": 17, "uploaded": 1, "downloaded": 11, "renamed": 0, "conflicts": 0, "remote_soft_deleted": 0, "local_soft_deleted": 1, "retry_success": 1, "retry_failed": 0, "errors": 1}
2026-02-21 13:47:26,577 [ERROR] [retry] retry_failed {"id": 35, "error": "retry_upload_local_missing:时事/提炼总结/未分类/README.md"}
2026-02-21 13:47:27,180 [INFO] [sync] run_success {"run_id": 37, "local_root": "/home/n150/openclaw_workspace/search_docs", "remote_root_token": "nodcnOdnyA0RGsq6YBA1LKFlkkb", "local_total": 16, "remote_total": 18, "uploaded": 0, "downloaded": 2, "renamed": 0, "conflicts": 0, "remote_soft_deleted": 0, "local_soft_deleted": 0, "retry_success": 0, "retry_failed": 1, "errors": 0}
2026-02-21 13:48:32,209 [INFO] [sync] run_success {"run_id": 38, "local_root": "/home/n150/openclaw_workspace/search_docs", "remote_root_token": "nodcnOdnyA0RGsq6YBA1LKFlkkb", "local_total": 17, "remote_total": 18, "uploaded": 0, "downloaded": 0, "renamed": 0, "conflicts": 1, "remote_soft_deleted": 0, "local_soft_deleted": 1, "retry_success": 1, "retry_failed": 0, "errors": 0}
2026-02-21 13:48:36,816 [INFO] [daemon] daemon_started {"poll_interval_sec": 300}
2026-02-21 13:48:42,211 [WARNING] [sync] remote_rename_failed Extra data: line 1 column 5 (char 4)
2026-02-21 13:48:42,222 [INFO] [sync] local_rename_detected {"old": "时事/提炼总结/未分类/README.md", "new": "时事/提炼总结/未分类/README.md.remote_conflict_20260221_134831"}
2026-02-21 13:48:42,654 [INFO] [sync] run_success {"run_id": 39, "local_root": "/home/n150/openclaw_workspace/search_docs", "remote_root_token": "nodcnOdnyA0RGsq6YBA1LKFlkkb", "local_total": 17, "remote_total": 19, "uploaded": 0, "downloaded": 1, "renamed": 1, "conflicts": 0, "remote_soft_deleted": 0, "local_soft_deleted": 0, "retry_success": 0, "retry_failed": 0, "errors": 1}
2026-02-21 13:54:59,392 [INFO] [sync] run_success {"run_id": 40, "local_root": "/home/n150/openclaw_workspace/search_docs", "remote_root_token": "nodcnOdnyA0RGsq6YBA1LKFlkkb", "local_total": 14, "remote_total": 16, "uploaded": 0, "downloaded": 0, "renamed": 0, "conflicts": 0, "remote_soft_deleted": 1, "local_soft_deleted": 0, "retry_success": 0, "retry_failed": 0, "errors": 0}
2026-02-21 13:55:46,893 [INFO] [daemon] daemon_started {"poll_interval_sec": 300}
2026-02-21 13:55:53,528 [INFO] [sync] run_success {"run_id": 41, "local_root": "/home/n150/openclaw_workspace/search_docs", "remote_root_token": "nodcnOdnyA0RGsq6YBA1LKFlkkb", "local_total": 14, "remote_total": 15, "uploaded": 0, "downloaded": 0, "renamed": 0, "conflicts": 0, "remote_soft_deleted": 0, "local_soft_deleted": 0, "retry_success": 0, "retry_failed": 0, "errors": 0}
2026-02-21 14:01:00,988 [INFO] [sync] run_success {"run_id": 42, "local_root": "/home/n150/openclaw_workspace/search_docs", "remote_root_token": "nodcnOdnyA0RGsq6YBA1LKFlkkb", "local_total": 14, "remote_total": 15, "uploaded": 0, "downloaded": 0, "renamed": 0, "conflicts": 0, "remote_soft_deleted": 0, "local_soft_deleted": 0, "retry_success": 0, "retry_failed": 0, "errors": 0}
2026-02-21 14:02:34,662 [WARNING] [sync] remote_rename_failed Extra data: line 1 column 5 (char 4)
2026-02-21 14:02:34,673 [INFO] [sync] local_rename_detected {"old": "索引.md", "new": "使用规范/云空间索引.md"}
2026-02-21 14:02:48,896 [INFO] [sync] run_success {"run_id": 43, "local_root": "/home/n150/openclaw_workspace/search_docs", "remote_root_token": "nodcnOdnyA0RGsq6YBA1LKFlkkb", "local_total": 2, "remote_total": 15, "uploaded": 1, "downloaded": 14, "renamed": 1, "conflicts": 0, "remote_soft_deleted": 13, "local_soft_deleted": 0, "retry_success": 0, "retry_failed": 0, "errors": 1}
2026-02-21 14:03:31,928 [INFO] [sync] run_success {"run_id": 44, "local_root": "/home/n150/openclaw_workspace/search_docs", "remote_root_token": "nodcnOdnyA0RGsq6YBA1LKFlkkb", "local_total": 14, "remote_total": 3, "uploaded": 0, "downloaded": 2, "renamed": 0, "conflicts": 0, "remote_soft_deleted": 1, "local_soft_deleted": 12, "retry_success": 0, "retry_failed": 0, "errors": 12}
2026-02-21 14:04:18,971 [ERROR] [retry] retry_failed {"id": 36, "error": "retry_upload_local_missing:知识库/README.md"}
2026-02-21 14:04:18,982 [ERROR] [retry] retry_failed {"id": 37, "error": "retry_upload_local_missing:知识库/已归档/README.md"}
2026-02-21 14:04:18,991 [ERROR] [retry] retry_failed {"id": 38, "error": "retry_upload_local_missing:知识库/待归档/README.md"}
2026-02-21 14:04:19,000 [ERROR] [retry] retry_failed {"id": 39, "error": "retry_upload_local_missing:时事/README.md"}
2026-02-21 14:04:19,009 [ERROR] [retry] retry_failed {"id": 40, "error": "retry_upload_local_missing:时事/提炼总结/README.md"}
2026-02-21 14:04:19,018 [ERROR] [retry] retry_failed {"id": 41, "error": "retry_upload_local_missing:时事/提炼总结/未分类/README.md"}
2026-02-21 14:04:19,027 [ERROR] [retry] retry_failed {"id": 42, "error": "retry_upload_local_missing:时事/原始文档/README.md"}
2026-02-21 14:04:19,035 [ERROR] [retry] retry_failed {"id": 43, "error": "retry_upload_local_missing:时事/原始文档/未分类/README.md"}
2026-02-21 14:04:19,043 [ERROR] [retry] retry_failed {"id": 44, "error": "retry_upload_local_missing:个人文档/README.md"}
2026-02-21 14:04:19,052 [ERROR] [retry] retry_failed {"id": 45, "error": "retry_upload_local_missing:工作文档/README.md"}
2026-02-21 14:04:19,061 [ERROR] [retry] retry_failed {"id": 46, "error": "retry_upload_local_missing:工作文档/OpenClaw/README.md"}
2026-02-21 14:04:19,070 [ERROR] [retry] retry_failed {"id": 47, "error": "retry_upload_local_missing:工作文档/工具与资源/README.md"}
2026-02-21 14:04:19,094 [INFO] [sync] run_success {"run_id": 45, "local_root": "/home/n150/openclaw_workspace/search_docs", "remote_root_token": "nodcnOdnyA0RGsq6YBA1LKFlkkb", "local_total": 3, "remote_total": 2, "uploaded": 0, "downloaded": 0, "renamed": 0, "conflicts": 0, "remote_soft_deleted": 0, "local_soft_deleted": 1, "retry_success": 0, "retry_failed": 12, "errors": 1}
2026-02-21 14:05:08,317 [INFO] [sync] run_success {"run_id": 46, "local_root": "/home/n150/openclaw_workspace/search_docs", "remote_root_token": "nodcnOdnyA0RGsq6YBA1LKFlkkb", "local_total": 2, "remote_total": 0, "uploaded": 2, "downloaded": 0, "renamed": 0, "conflicts": 0, "remote_soft_deleted": 0, "local_soft_deleted": 0, "retry_success": 0, "retry_failed": 0, "errors": 0}
2026-02-21 14:06:05,330 [INFO] [sync] run_success {"run_id": 47, "local_root": "/home/n150/openclaw_workspace/search_docs", "remote_root_token": "nodcnOdnyA0RGsq6YBA1LKFlkkb", "local_total": 2, "remote_total": 3, "uploaded": 0, "downloaded": 2, "renamed": 0, "conflicts": 0, "remote_soft_deleted": 0, "local_soft_deleted": 0, "retry_success": 0, "retry_failed": 0, "errors": 0}
2026-02-21 14:06:11,204 [INFO] [daemon] daemon_started {"poll_interval_sec": 300}
2026-02-21 14:06:17,595 [INFO] [sync] run_success {"run_id": 48, "local_root": "/home/n150/openclaw_workspace/search_docs", "remote_root_token": "nodcnOdnyA0RGsq6YBA1LKFlkkb", "local_total": 2, "remote_total": 3, "uploaded": 0, "downloaded": 0, "renamed": 0, "conflicts": 0, "remote_soft_deleted": 0, "local_soft_deleted": 0, "retry_success": 0, "retry_failed": 0, "errors": 0}
2026-02-21 14:10:27,373 [INFO] [sync] run_success {"run_id": 49, "local_root": "/home/n150/openclaw_workspace/search_docs", "remote_root_token": "nodcnOdnyA0RGsq6YBA1LKFlkkb", "local_total": 2, "remote_total": 2, "uploaded": 0, "downloaded": 0, "renamed": 0, "conflicts": 0, "remote_soft_deleted": 0, "local_soft_deleted": 0, "retry_success": 0, "retry_failed": 0, "errors": 0}
2026-02-21 14:10:56,869 [INFO] [sync] run_success {"run_id": 50, "local_root": "/home/n150/openclaw_workspace/search_docs", "remote_root_token": "nodcnOdnyA0RGsq6YBA1LKFlkkb", "local_total": 2, "remote_total": 2, "uploaded": 1, "downloaded": 0, "renamed": 0, "conflicts": 0, "remote_soft_deleted": 0, "local_soft_deleted": 0, "retry_success": 0, "retry_failed": 0, "errors": 0}
2026-02-21 14:11:02,829 [INFO] [daemon] daemon_started {"poll_interval_sec": 300}
2026-02-21 14:11:09,241 [INFO] [sync] run_success {"run_id": 51, "local_root": "/home/n150/openclaw_workspace/search_docs", "remote_root_token": "nodcnOdnyA0RGsq6YBA1LKFlkkb", "local_total": 2, "remote_total": 2, "uploaded": 0, "downloaded": 1, "renamed": 0, "conflicts": 0, "remote_soft_deleted": 0, "local_soft_deleted": 0, "retry_success": 0, "retry_failed": 0, "errors": 0}
2026-02-21 14:15:27,373 [INFO] [sync] run_success {"run_id": 52, "local_root": "/home/n150/openclaw_workspace/search_docs", "remote_root_token": "nodcnOdnyA0RGsq6YBA1LKFlkkb", "local_total": 2, "remote_total": 2, "uploaded": 0, "downloaded": 0, "renamed": 0, "conflicts": 0, "remote_soft_deleted": 0, "local_soft_deleted": 0, "retry_success": 0, "retry_failed": 0, "errors": 0}
2026-02-21 14:16:53,978 [INFO] [sync] run_success {"run_id": 53, "local_root": "/home/n150/openclaw_workspace/search_docs", "remote_root_token": "nodcnOdnyA0RGsq6YBA1LKFlkkb", "local_total": 12, "remote_total": 2, "uploaded": 10, "downloaded": 0, "renamed": 0, "conflicts": 0, "remote_soft_deleted": 0, "local_soft_deleted": 0, "retry_success": 0, "retry_failed": 0, "errors": 0}
2026-02-21 14:16:59,392 [INFO] [daemon] daemon_started {"poll_interval_sec": 300}
2026-02-21 14:17:26,523 [INFO] [sync] run_success {"run_id": 54, "local_root": "/home/n150/openclaw_workspace/search_docs", "remote_root_token": "nodcnOdnyA0RGsq6YBA1LKFlkkb", "local_total": 12, "remote_total": 12, "uploaded": 0, "downloaded": 10, "renamed": 0, "conflicts": 0, "remote_soft_deleted": 0, "local_soft_deleted": 0, "retry_success": 0, "retry_failed": 0, "errors": 0}
2026-02-21 14:22:46,872 [INFO] [sync] run_success {"run_id": 55, "local_root": "/home/n150/openclaw_workspace/search_docs", "remote_root_token": "nodcnOdnyA0RGsq6YBA1LKFlkkb", "local_total": 12, "remote_total": 12, "uploaded": 0, "downloaded": 0, "renamed": 0, "conflicts": 0, "remote_soft_deleted": 0, "local_soft_deleted": 0, "retry_success": 0, "retry_failed": 0, "errors": 0}
2026-02-21 14:23:49,668 [INFO] [sync] run_success {"run_id": 56, "local_root": "/home/n150/openclaw_workspace/search_docs", "remote_root_token": "nodcnOdnyA0RGsq6YBA1LKFlkkb", "local_total": 12, "remote_total": 12, "uploaded": 0, "downloaded": 0, "renamed": 0, "conflicts": 0, "remote_soft_deleted": 0, "local_soft_deleted": 0, "retry_success": 0, "retry_failed": 0, "errors": 0}
2026-02-21 14:28:06,425 [INFO] [sync] run_success {"run_id": 57, "local_root": "/home/n150/openclaw_workspace/search_docs", "remote_root_token": "nodcnOdnyA0RGsq6YBA1LKFlkkb", "local_total": 12, "remote_total": 12, "uploaded": 0, "downloaded": 0, "renamed": 0, "conflicts": 0, "remote_soft_deleted": 0, "local_soft_deleted": 0, "retry_success": 0, "retry_failed": 0, "errors": 0}
2026-02-21 14:29:24,219 [INFO] [sync] run_success {"run_id": 58, "local_root": "/home/n150/openclaw_workspace/search_docs", "remote_root_token": "nodcnOdnyA0RGsq6YBA1LKFlkkb", "local_total": 14, "remote_total": 12, "uploaded": 3, "downloaded": 0, "renamed": 0, "conflicts": 0, "remote_soft_deleted": 0, "local_soft_deleted": 0, "retry_success": 0, "retry_failed": 0, "errors": 0}
2026-02-21 14:33:38,182 [INFO] [sync] run_success {"run_id": 59, "local_root": "/home/n150/openclaw_workspace/search_docs", "remote_root_token": "nodcnOdnyA0RGsq6YBA1LKFlkkb", "local_total": 15, "remote_total": 14, "uploaded": 1, "downloaded": 3, "renamed": 0, "conflicts": 0, "remote_soft_deleted": 0, "local_soft_deleted": 0, "retry_success": 0, "retry_failed": 0, "errors": 0}
2026-02-21 14:34:11,154 [INFO] [sync] run_success {"run_id": 60, "local_root": "/home/n150/openclaw_workspace/search_docs", "remote_root_token": "nodcnOdnyA0RGsq6YBA1LKFlkkb", "local_total": 17, "remote_total": 15, "uploaded": 3, "downloaded": 1, "renamed": 0, "conflicts": 0, "remote_soft_deleted": 0, "local_soft_deleted": 0, "retry_success": 0, "retry_failed": 0, "errors": 0}
2026-02-21 14:38:59,866 [WARNING] [sync] remote_dedup_deleted {"name": "云空间索引.md", "token": "ZuH1bkNUSoe40IxGWKzcStBSnlc", "type": "file"}
2026-02-21 14:39:11,699 [INFO] [sync] run_success {"run_id": 61, "local_root": "/home/n150/openclaw_workspace/search_docs", "remote_root_token": "nodcnOdnyA0RGsq6YBA1LKFlkkb", "local_total": 17, "remote_total": 17, "uploaded": 0, "downloaded": 3, "renamed": 0, "conflicts": 0, "remote_soft_deleted": 0, "local_soft_deleted": 0, "retry_success": 0, "retry_failed": 0, "errors": 0}
2026-02-21 14:39:24,425 [INFO] [sync] run_success {"run_id": 62, "local_root": "/home/n150/openclaw_workspace/search_docs", "remote_root_token": "nodcnOdnyA0RGsq6YBA1LKFlkkb", "local_total": 17, "remote_total": 17, "uploaded": 0, "downloaded": 0, "renamed": 0, "conflicts": 0, "remote_soft_deleted": 0, "local_soft_deleted": 0, "retry_success": 0, "retry_failed": 0, "errors": 0}
2026-02-21 14:44:37,759 [INFO] [sync] run_success {"run_id": 63, "local_root": "/home/n150/openclaw_workspace/search_docs", "remote_root_token": "nodcnOdnyA0RGsq6YBA1LKFlkkb", "local_total": 17, "remote_total": 17, "uploaded": 0, "downloaded": 0, "renamed": 0, "conflicts": 0, "remote_soft_deleted": 0, "local_soft_deleted": 0, "retry_success": 0, "retry_failed": 0, "errors": 0}
2026-02-21 14:50:04,483 [INFO] [sync] run_success {"run_id": 64, "local_root": "/home/n150/openclaw_workspace/search_docs", "remote_root_token": "nodcnOdnyA0RGsq6YBA1LKFlkkb", "local_total": 17, "remote_total": 17, "uploaded": 0, "downloaded": 0, "renamed": 0, "conflicts": 0, "remote_soft_deleted": 0, "local_soft_deleted": 0, "retry_success": 0, "retry_failed": 0, "errors": 0}
2026-02-21 14:55:32,267 [INFO] [sync] run_success {"run_id": 65, "local_root": "/home/n150/openclaw_workspace/search_docs", "remote_root_token": "nodcnOdnyA0RGsq6YBA1LKFlkkb", "local_total": 17, "remote_total": 17, "uploaded": 0, "downloaded": 0, "renamed": 0, "conflicts": 0, "remote_soft_deleted": 0, "local_soft_deleted": 0, "retry_success": 0, "retry_failed": 0, "errors": 0}
2026-02-21 15:01:02,116 [INFO] [sync] run_success {"run_id": 66, "local_root": "/home/n150/openclaw_workspace/search_docs", "remote_root_token": "nodcnOdnyA0RGsq6YBA1LKFlkkb", "local_total": 17, "remote_total": 17, "uploaded": 0, "downloaded": 0, "renamed": 0, "conflicts": 0, "remote_soft_deleted": 0, "local_soft_deleted": 0, "retry_success": 0, "retry_failed": 0, "errors": 0}
2026-02-21 15:06:31,101 [INFO] [sync] run_success {"run_id": 67, "local_root": "/home/n150/openclaw_workspace/search_docs", "remote_root_token": "nodcnOdnyA0RGsq6YBA1LKFlkkb", "local_total": 17, "remote_total": 17, "uploaded": 0, "downloaded": 0, "renamed": 0, "conflicts": 0, "remote_soft_deleted": 0, "local_soft_deleted": 0, "retry_success": 0, "retry_failed": 0, "errors": 0}
